  Antenna.cpp
  BaseStation.cpp
C:\Users\rober\Desktop\EGR 4820\5G-Self-Organized-Network-Simulator-Spring2022\5G-Self-Organized-Network-Simulator-Spring2022\SHNSim\GUIDataContainer.h(5,10): fatal error C1083: Cannot open include file: 'cairo.h': No such file or directory
  BSFailureParams.cpp
  DataRateTable.cpp
C:\Users\rober\Desktop\EGR 4820\5G-Self-Organized-Network-Simulator-Spring2022\5G-Self-Organized-Network-Simulator-Spring2022\SHNSim\GUIDataContainer.h(5,10): fatal error C1083: Cannot open include file: 'cairo.h': No such file or directory
  DebugMain.cpp
C:\Users\rober\Desktop\EGR 4820\5G-Self-Organized-Network-Simulator-Spring2022\5G-Self-Organized-Network-Simulator-Spring2022\SHNSim\GUIDataContainer.h(5,10): fatal error C1083: Cannot open include file: 'cairo.h': No such file or directory
  DrawingTools.cpp
C:\Users\rober\Desktop\EGR 4820\5G-Self-Organized-Network-Simulator-Spring2022\5G-Self-Organized-Network-Simulator-Spring2022\SHNSim\DrawingTools.h(2,10): fatal error C1083: Cannot open include file: 'gtk/gtk.h': No such file or directory
  EnvironmentInitialization.cpp
C:\Users\rober\Desktop\EGR 4820\5G-Self-Organized-Network-Simulator-Spring2022\5G-Self-Organized-Network-Simulator-Spring2022\SHNSim\GUIDataContainer.h(5,10): fatal error C1083: Cannot open include file: 'cairo.h': No such file or directory
  EnvironmentController.cpp
C:\Users\rober\Desktop\EGR 4820\5G-Self-Organized-Network-Simulator-Spring2022\5G-Self-Organized-Network-Simulator-Spring2022\SHNSim\GUIDataContainer.h(5,10): fatal error C1083: Cannot open include file: 'cairo.h': No such file or directory
  ErrorTracer.cpp
  FileIO.cpp
C:\Users\rober\Desktop\EGR 4820\5G-Self-Organized-Network-Simulator-Spring2022\5G-Self-Organized-Network-Simulator-Spring2022\SHNSim\GUIDataContainer.h(5,10): fatal error C1083: Cannot open include file: 'cairo.h': No such file or directory
  GUIDataContainer.cpp
C:\Users\rober\Desktop\EGR 4820\5G-Self-Organized-Network-Simulator-Spring2022\5G-Self-Organized-Network-Simulator-Spring2022\SHNSim\GUIDataContainer.h(5,10): fatal error C1083: Cannot open include file: 'cairo.h': No such file or directory
  GUIMain.cpp
C:\Users\rober\Desktop\EGR 4820\5G-Self-Organized-Network-Simulator-Spring2022\5G-Self-Organized-Network-Simulator-Spring2022\SHNSim\GUIMain.h(2,10): fatal error C1083: Cannot open include file: 'gtk/gtk.h': No such file or directory
  NetworkLogBuffer.cpp
  Setup.cpp
C:\Users\rober\Desktop\EGR 4820\5G-Self-Organized-Network-Simulator-Spring2022\5G-Self-Organized-Network-Simulator-Spring2022\SHNSim\GUIDataContainer.h(5,10): fatal error C1083: Cannot open include file: 'cairo.h': No such file or directory
  Simulator.cpp
C:\Users\rober\Desktop\EGR 4820\5G-Self-Organized-Network-Simulator-Spring2022\5G-Self-Organized-Network-Simulator-Spring2022\SHNSim\Simulator.cpp(5,10): fatal error C1083: Cannot open include file: 'gtk/gtk.h': No such file or directory
  Transmission.cpp
  IRPManager.cpp
C:\Users\rober\Desktop\EGR 4820\5G-Self-Organized-Network-Simulator-Spring2022\5G-Self-Organized-Network-Simulator-Spring2022\SHNSim\GUIDataContainer.h(5,10): fatal error C1083: Cannot open include file: 'cairo.h': No such file or directory
  Transceivers.cpp
C:\Users\rober\Desktop\EGR 4820\5G-Self-Organized-Network-Simulator-Spring2022\5G-Self-Organized-Network-Simulator-Spring2022\SHNSim\GUIDataContainer.h(5,10): fatal error C1083: Cannot open include file: 'cairo.h': No such file or directory
  UEDataBase.cpp
C:\Users\rober\Desktop\EGR 4820\5G-Self-Organized-Network-Simulator-Spring2022\5G-Self-Organized-Network-Simulator-Spring2022\SHNSim\GUIDataContainer.h(5,10): fatal error C1083: Cannot open include file: 'cairo.h': No such file or directory
  UELogData.cpp
  Generating Code...
  Compiling...
  UERecord.cpp
  UserEquipment.cpp
C:\Users\rober\Desktop\EGR 4820\5G-Self-Organized-Network-Simulator-Spring2022\5G-Self-Organized-Network-Simulator-Spring2022\SHNSim\GUIDataContainer.h(5,10): fatal error C1083: Cannot open include file: 'cairo.h': No such file or directory
  Generating Code...
